<html>
<head>
<title>TestNG:  forgot password email validation Test</title>
<link href="../testng.css" rel="stylesheet" type="text/css" />
<link href="../my-testng.css" rel="stylesheet" type="text/css" />

<style type="text/css">
.log { display: none;} 
.stack-trace { display: none;} 
</style>
<script type="text/javascript">
<!--
function flip(e) {
  current = e.style.display;
  if (current == 'block') {
    e.style.display = 'none';
    return 0;
  }
  else {
    e.style.display = 'block';
    return 1;
  }
}

function toggleBox(szDivId, elem, msg1, msg2)
{
  var res = -1;  if (document.getElementById) {
    res = flip(document.getElementById(szDivId));
  }
  else if (document.all) {
    // this is the way old msie versions work
    res = flip(document.all[szDivId]);
  }
  if(elem) {
    if(res == 0) elem.innerHTML = msg1; else elem.innerHTML = msg2;
  }

}

function toggleAllBoxes() {
  if (document.getElementsByTagName) {
    d = document.getElementsByTagName('div');
    for (i = 0; i < d.length; i++) {
      if (d[i].className == 'log') {
        flip(d[i]);
      }
    }
  }
}

// -->
</script>

</head>
<body>
<h2 align='center'>forgot password email validation Test</h2><table border='1' align="center">
<tr>
<td>Tests passed/Failed/Skipped:</td><td>13/1/0</td>
</tr><tr>
<td>Started on:</td><td>Tue Dec 18 19:12:51 IST 2018</td>
</tr>
<tr><td>Total time:</td><td>237 seconds (237825 ms)</td>
</tr><tr>
<td>Included groups:</td><td></td>
</tr><tr>
<td>Excluded groups:</td><td></td>
</tr>
</table><p/>
<small><i>(Hover the method name to see the test class name)</i></small><p/>
<table width='100%' border='1' class='invocation-failed'>
<tr><td colspan='4' align='center'><b>FAILED TESTS</b></td></tr>
<tr><td><b>Test method</b></td>
<td width="30%"><b>Exception</b></td>
<td width="10%"><b>Time (seconds)</b></td>
<td><b>Instance</b></td>
</tr>
<tr>
<td title='regression.ForgotPasswordEmailValidationTest.testpasswordvalidation()'><b>testpasswordvalidation</b><br>Test class: regression.ForgotPasswordEmailValidationTest<br>Parameters: jhon<smith@gmail.com>, Please enter valid Email., Yes<br/>
<a href="#Output-1780933563" onClick='toggleBox("Output-1780933563", this, "Show output", "Hide output");'>Show output</a>

<a href="#Output-1780933563" onClick="toggleAllBoxes();">Show all outputs</a>
<div class='log' id="Output-1780933563">
Finding element with logic: xpath://span[text()='Please enter valid Email.']<br/>
</div>
</td>
<td><div><pre>org.openqa.selenium.NoSuchElementException: no such element: Unable to locate element: {&quot;method&quot;:&quot;xpath&quot;,&quot;selector&quot;:&quot;//span[text()=&apos;Please enter valid Email.&apos;]&quot;}
  (Session info: chrome=71.0.3578.98)
  (Driver info: chromedriver=2.41.578737 (49da6702b16031c40d63e5618de03a32ff6c197e),platform=Windows NT 10.0.17134 x86_64) (WARNING: The server did not provide any stacktrace information)
Command duration or timeout: 30.17 seconds
For documentation on this error, please visit: http://seleniumhq.org/exceptions/no_such_element.html
Build info: version: &apos;2.53.1&apos;, revision: &apos;a36b8b1cd5757287168e54b817830adce9b0158d&apos;, time: &apos;2016-06-30 19:26:09&apos;
System info: host: &apos;DESKTOP-V5L8S5D&apos;, ip: &apos;192.168.1.100&apos;, os.name: &apos;Windows 10&apos;, os.arch: &apos;amd64&apos;, os.version: &apos;10.0&apos;, java.version: &apos;1.8.0_191&apos;
Driver info: org.openqa.selenium.chrome.ChromeDriver
Capabilities [{mobileEmulationEnabled=false, hasTouchScreen=false, platform=XP, acceptSslCerts=false, goog:chromeOptions={debuggerAddress=localhost:56278}, acceptInsecureCerts=false, webStorageEnabled=true, browserName=chrome, takesScreenshot=true, javascriptEnabled=true, setWindowRect=true, unexpectedAlertBehaviour=, applicationCacheEnabled=false, rotatable=false, networkConnectionEnabled=false, chrome={chromedriverVersion=2.41.578737 (49da6702b16031c40d63e5618de03a32ff6c197e), userDataDir=C:\Users\admin-pc\AppData\Local\Temp\scoped_dir4372_28832}, takesHeapSnapshot=true, pageLoadStrategy=normal, databaseEnabled=false, handlesAlerts=true, version=71.0.3578.98, browserConnectionEnabled=false, nativeEvents=true, locationContextEnabled=true, cssSelectorsEnabled=true}]
Session ID: c84788928c22d3c9a2d2c85f9af50861
*** Element info: {Using=xpath, value=//span[text()=&apos;Please enter valid Email.&apos;]}
	at org.openqa.selenium.remote.ErrorHandler.createThrowable(ErrorHandler.java:206)
	at org.openqa.selenium.remote.ErrorHandler.throwIfResponseFailed(ErrorHandler.java:158)
	at org.openqa.selenium.remote.RemoteWebDriver.execute(RemoteWebDriver.java:678)
	at org.openqa.selenium.remote.RemoteWebDriver.findElement(RemoteWebDriver.java:363)
	at org.openqa.selenium.remote.RemoteWebDriver.findElementByXPath(RemoteWebDriver.java:500)
	at org.openqa.selenium.By$ByXPath.findElement(By.java:361)
	at org.openqa.selenium.remote.RemoteWebDriver.findElement(RemoteWebDriver.java:355)
	at com.beanlogin.lib.AppLibrary.findElement(AppLibrary.java:889)
	at regression.ForgotPasswordEmailValidationTest.testpasswordvalidation(ForgotPasswordEmailValidationTest.java:58)
	at java.util.concurrent.FutureTask.run(Unknown Source)
	at java.util.concurrent.ThreadPoolExecutor.runWorker(Unknown Source)
	at java.util.concurrent.ThreadPoolExecutor$Worker.run(Unknown Source)
	at java.lang.Thread.run(Unknown Source)
... Removed 20 stack frames</pre></div><a href='#' onClick='toggleBox("stack-trace1780933563", this, "Click to show all stack frames", "Click to hide stack frames")'>Click to show all stack frames</a>
<div class='stack-trace' id='stack-trace1780933563'><pre>org.openqa.selenium.NoSuchElementException: no such element: Unable to locate element: {&quot;method&quot;:&quot;xpath&quot;,&quot;selector&quot;:&quot;//span[text()=&apos;Please enter valid Email.&apos;]&quot;}
  (Session info: chrome=71.0.3578.98)
  (Driver info: chromedriver=2.41.578737 (49da6702b16031c40d63e5618de03a32ff6c197e),platform=Windows NT 10.0.17134 x86_64) (WARNING: The server did not provide any stacktrace information)
Command duration or timeout: 30.17 seconds
For documentation on this error, please visit: http://seleniumhq.org/exceptions/no_such_element.html
Build info: version: &apos;2.53.1&apos;, revision: &apos;a36b8b1cd5757287168e54b817830adce9b0158d&apos;, time: &apos;2016-06-30 19:26:09&apos;
System info: host: &apos;DESKTOP-V5L8S5D&apos;, ip: &apos;192.168.1.100&apos;, os.name: &apos;Windows 10&apos;, os.arch: &apos;amd64&apos;, os.version: &apos;10.0&apos;, java.version: &apos;1.8.0_191&apos;
Driver info: org.openqa.selenium.chrome.ChromeDriver
Capabilities [{mobileEmulationEnabled=false, hasTouchScreen=false, platform=XP, acceptSslCerts=false, goog:chromeOptions={debuggerAddress=localhost:56278}, acceptInsecureCerts=false, webStorageEnabled=true, browserName=chrome, takesScreenshot=true, javascriptEnabled=true, setWindowRect=true, unexpectedAlertBehaviour=, applicationCacheEnabled=false, rotatable=false, networkConnectionEnabled=false, chrome={chromedriverVersion=2.41.578737 (49da6702b16031c40d63e5618de03a32ff6c197e), userDataDir=C:\Users\admin-pc\AppData\Local\Temp\scoped_dir4372_28832}, takesHeapSnapshot=true, pageLoadStrategy=normal, databaseEnabled=false, handlesAlerts=true, version=71.0.3578.98, browserConnectionEnabled=false, nativeEvents=true, locationContextEnabled=true, cssSelectorsEnabled=true}]
Session ID: c84788928c22d3c9a2d2c85f9af50861
*** Element info: {Using=xpath, value=//span[text()=&apos;Please enter valid Email.&apos;]}
	at sun.reflect.NativeConstructorAccessorImpl.newInstance0(Native Method)
	at sun.reflect.NativeConstructorAccessorImpl.newInstance(Unknown Source)
	at sun.reflect.DelegatingConstructorAccessorImpl.newInstance(Unknown Source)
	at java.lang.reflect.Constructor.newInstance(Unknown Source)
	at org.openqa.selenium.remote.ErrorHandler.createThrowable(ErrorHandler.java:206)
	at org.openqa.selenium.remote.ErrorHandler.throwIfResponseFailed(ErrorHandler.java:158)
	at org.openqa.selenium.remote.RemoteWebDriver.execute(RemoteWebDriver.java:678)
	at org.openqa.selenium.remote.RemoteWebDriver.findElement(RemoteWebDriver.java:363)
	at org.openqa.selenium.remote.RemoteWebDriver.findElementByXPath(RemoteWebDriver.java:500)
	at org.openqa.selenium.By$ByXPath.findElement(By.java:361)
	at org.openqa.selenium.remote.RemoteWebDriver.findElement(RemoteWebDriver.java:355)
	at com.beanlogin.lib.AppLibrary.findElement(AppLibrary.java:889)
	at regression.ForgotPasswordEmailValidationTest.testpasswordvalidation(ForgotPasswordEmailValidationTest.java:58)
	at sun.reflect.NativeMethodAccessorImpl.invoke0(Native Method)
	at sun.reflect.NativeMethodAccessorImpl.invoke(Unknown Source)
	at sun.reflect.DelegatingMethodAccessorImpl.invoke(Unknown Source)
	at java.lang.reflect.Method.invoke(Unknown Source)
	at org.testng.internal.MethodInvocationHelper.invokeMethod(MethodInvocationHelper.java:80)
	at org.testng.internal.Invoker.invokeMethod(Invoker.java:714)
	at org.testng.internal.Invoker.invokeTestMethod(Invoker.java:901)
	at org.testng.internal.Invoker.invokeTestMethods(Invoker.java:1231)
	at org.testng.internal.TestMethodWorker.invokeTestMethods(TestMethodWorker.java:127)
	at org.testng.internal.TestMethodWorker.run(TestMethodWorker.java:111)
	at org.testng.TestRunner.privateRun(TestRunner.java:767)
	at org.testng.TestRunner.run(TestRunner.java:617)
	at org.testng.SuiteRunner.runTest(SuiteRunner.java:334)
	at org.testng.SuiteRunner.access$000(SuiteRunner.java:37)
	at org.testng.SuiteRunner$SuiteWorker.run(SuiteRunner.java:368)
	at org.testng.internal.thread.ThreadUtil$2.call(ThreadUtil.java:64)
	at java.util.concurrent.FutureTask.run(Unknown Source)
	at java.util.concurrent.ThreadPoolExecutor.runWorker(Unknown Source)
	at java.util.concurrent.ThreadPoolExecutor$Worker.run(Unknown Source)
	at java.lang.Thread.run(Unknown Source)
</pre></div></td>
<td>71</td>
<td>regression.ForgotPasswordEmailValidationTest@cb5822</td></tr>
</table><p>
<table width='100%' border='1' class='invocation-passed'>
<tr><td colspan='4' align='center'><b>PASSED TESTS</b></td></tr>
<tr><td><b>Test method</b></td>
<td width="30%"><b>Exception</b></td>
<td width="10%"><b>Time (seconds)</b></td>
<td><b>Instance</b></td>
</tr>
<tr>
<td title='regression.ForgotPasswordEmailValidationTest.testpasswordvalidation()'><b>testpasswordvalidation</b><br>Test class: regression.ForgotPasswordEmailValidationTest<br>Parameters: , The Email Address field is required., Yes<br/>
<a href="#Output-1283395321" onClick='toggleBox("Output-1283395321", this, "Show output", "Hide output");'>Show output</a>

<a href="#Output-1283395321" onClick="toggleAllBoxes();">Show all outputs</a>
<div class='log' id="Output-1283395321">
Finding element with logic: xpath://span[text()='The Email Address field is required.']<br/>
</div>
</td>
<td></td>
<td>13</td>
<td>regression.ForgotPasswordEmailValidationTest@cb5822</td></tr>
<tr>
<td title='regression.ForgotPasswordEmailValidationTest.testpasswordvalidation()'><b>testpasswordvalidation</b><br>Test class: regression.ForgotPasswordEmailValidationTest<br>Parameters: asdf, Please enter valid Email., Yes<br/>
<a href="#Output-726897229" onClick='toggleBox("Output-726897229", this, "Show output", "Hide output");'>Show output</a>

<a href="#Output-726897229" onClick="toggleAllBoxes();">Show all outputs</a>
<div class='log' id="Output-726897229">
Finding element with logic: xpath://span[text()='Please enter valid Email.']<br/>
</div>
</td>
<td></td>
<td>4</td>
<td>regression.ForgotPasswordEmailValidationTest@cb5822</td></tr>
<tr>
<td title='regression.ForgotPasswordEmailValidationTest.testpasswordvalidation()'><b>testpasswordvalidation</b><br>Test class: regression.ForgotPasswordEmailValidationTest<br>Parameters: !@#$%.com, Please enter valid Email., Yes<br/>
<a href="#Output-937024598" onClick='toggleBox("Output-937024598", this, "Show output", "Hide output");'>Show output</a>

<a href="#Output-937024598" onClick="toggleAllBoxes();">Show all outputs</a>
<div class='log' id="Output-937024598">
Finding element with logic: xpath://span[text()='Please enter valid Email.']<br/>
</div>
</td>
<td></td>
<td>8</td>
<td>regression.ForgotPasswordEmailValidationTest@cb5822</td></tr>
<tr>
<td title='regression.ForgotPasswordEmailValidationTest.testpasswordvalidation()'><b>testpasswordvalidation</b><br>Test class: regression.ForgotPasswordEmailValidationTest<br>Parameters: @gmail.com, Please enter valid Email., Yes<br/>
<a href="#Output-1671602068" onClick='toggleBox("Output-1671602068", this, "Show output", "Hide output");'>Show output</a>

<a href="#Output-1671602068" onClick="toggleAllBoxes();">Show all outputs</a>
<div class='log' id="Output-1671602068">
Finding element with logic: xpath://span[text()='Please enter valid Email.']<br/>
</div>
</td>
<td></td>
<td>9</td>
<td>regression.ForgotPasswordEmailValidationTest@cb5822</td></tr>
<tr>
<td title='regression.ForgotPasswordEmailValidationTest.testpasswordvalidation()'><b>testpasswordvalidation</b><br>Test class: regression.ForgotPasswordEmailValidationTest<br>Parameters: jhon>smith@gmail.com>, Please enter valid Email., Yes<br/>
<a href="#Output-1409478802" onClick='toggleBox("Output-1409478802", this, "Show output", "Hide output");'>Show output</a>

<a href="#Output-1409478802" onClick="toggleAllBoxes();">Show all outputs</a>
<div class='log' id="Output-1409478802">
Finding element with logic: xpath://span[text()='Please enter valid Email.']<br/>
</div>
</td>
<td></td>
<td>9</td>
<td>regression.ForgotPasswordEmailValidationTest@cb5822</td></tr>
<tr>
<td title='regression.ForgotPasswordEmailValidationTest.testpasswordvalidation()'><b>testpasswordvalidation</b><br>Test class: regression.ForgotPasswordEmailValidationTest<br>Parameters: jhon.mailinator.com, Please enter valid Email., Yes<br/>
<a href="#Output-1334084609" onClick='toggleBox("Output-1334084609", this, "Show output", "Hide output");'>Show output</a>

<a href="#Output-1334084609" onClick="toggleAllBoxes();">Show all outputs</a>
<div class='log' id="Output-1334084609">
Finding element with logic: xpath://span[text()='Please enter valid Email.']<br/>
</div>
</td>
<td></td>
<td>11</td>
<td>regression.ForgotPasswordEmailValidationTest@cb5822</td></tr>
<tr>
<td title='regression.ForgotPasswordEmailValidationTest.testpasswordvalidation()'><b>testpasswordvalidation</b><br>Test class: regression.ForgotPasswordEmailValidationTest<br>Parameters: jhon@gmail@gmail.com, Please enter valid Email., Yes<br/>
<a href="#Output-1951191724" onClick='toggleBox("Output-1951191724", this, "Show output", "Hide output");'>Show output</a>

<a href="#Output-1951191724" onClick="toggleAllBoxes();">Show all outputs</a>
<div class='log' id="Output-1951191724">
Finding element with logic: xpath://span[text()='Please enter valid Email.']<br/>
</div>
</td>
<td></td>
<td>13</td>
<td>regression.ForgotPasswordEmailValidationTest@cb5822</td></tr>
<tr>
<td title='regression.ForgotPasswordEmailValidationTest.testpasswordvalidation()'><b>testpasswordvalidation</b><br>Test class: regression.ForgotPasswordEmailValidationTest<br>Parameters: jhon@gmail..com, Please enter valid Email., Yes<br/>
<a href="#Output-1869457365" onClick='toggleBox("Output-1869457365", this, "Show output", "Hide output");'>Show output</a>

<a href="#Output-1869457365" onClick="toggleAllBoxes();">Show all outputs</a>
<div class='log' id="Output-1869457365">
Finding element with logic: xpath://span[text()='Please enter valid Email.']<br/>
</div>
</td>
<td></td>
<td>14</td>
<td>regression.ForgotPasswordEmailValidationTest@cb5822</td></tr>
<tr>
<td title='regression.ForgotPasswordEmailValidationTest.testpasswordvalidation()'><b>testpasswordvalidation</b><br>Test class: regression.ForgotPasswordEmailValidationTest<br>Parameters: jhon@gmail, Please enter valid Email., Yes<br/>
<a href="#Output-226818651" onClick='toggleBox("Output-226818651", this, "Show output", "Hide output");'>Show output</a>

<a href="#Output-226818651" onClick="toggleAllBoxes();">Show all outputs</a>
<div class='log' id="Output-226818651">
Finding element with logic: xpath://span[text()='Please enter valid Email.']<br/>
</div>
</td>
<td></td>
<td>11</td>
<td>regression.ForgotPasswordEmailValidationTest@cb5822</td></tr>
<tr>
<td title='regression.ForgotPasswordEmailValidationTest.testpasswordvalidation()'><b>testpasswordvalidation</b><br>Test class: regression.ForgotPasswordEmailValidationTest<br>Parameters: jhon@.com, Please enter valid Email., Yes<br/>
<a href="#Output-1068382392" onClick='toggleBox("Output-1068382392", this, "Show output", "Hide output");'>Show output</a>

<a href="#Output-1068382392" onClick="toggleAllBoxes();">Show all outputs</a>
<div class='log' id="Output-1068382392">
Finding element with logic: xpath://span[text()='Please enter valid Email.']<br/>
</div>
</td>
<td></td>
<td>6</td>
<td>regression.ForgotPasswordEmailValidationTest@cb5822</td></tr>
<tr>
<td title='regression.ForgotPasswordEmailValidationTest.testpasswordvalidation()'><b>testpasswordvalidation</b><br>Test class: regression.ForgotPasswordEmailValidationTest<br>Parameters: 567, Please enter valid Email., Yes<br/>
<a href="#Output-2015524343" onClick='toggleBox("Output-2015524343", this, "Show output", "Hide output");'>Show output</a>

<a href="#Output-2015524343" onClick="toggleAllBoxes();">Show all outputs</a>
<div class='log' id="Output-2015524343">
Finding element with logic: xpath://span[text()='Please enter valid Email.']<br/>
</div>
</td>
<td></td>
<td>5</td>
<td>regression.ForgotPasswordEmailValidationTest@cb5822</td></tr>
<tr>
<td title='regression.ForgotPasswordEmailValidationTest.testpasswordvalidation()'><b>testpasswordvalidation</b><br>Test class: regression.ForgotPasswordEmailValidationTest<br>Parameters: asdf@mailinator.com, This is not your primary email address., Yes<br/>
<a href="#Output-1712638871" onClick='toggleBox("Output-1712638871", this, "Show output", "Hide output");'>Show output</a>

<a href="#Output-1712638871" onClick="toggleAllBoxes();">Show all outputs</a>
<div class='log' id="Output-1712638871">
Finding element with logic: xpath://span[text()='This is not your primary email address.']<br/>
</div>
</td>
<td></td>
<td>10</td>
<td>regression.ForgotPasswordEmailValidationTest@cb5822</td></tr>
<tr>
<td title='regression.ForgotPasswordEmailValidationTest.testpasswordvalidation()'><b>testpasswordvalidation</b><br>Test class: regression.ForgotPasswordEmailValidationTest<br>Parameters: amaan@gmail.com, This is not your primary email address., Yes<br/>
<a href="#Output-1840161862" onClick='toggleBox("Output-1840161862", this, "Show output", "Hide output");'>Show output</a>

<a href="#Output-1840161862" onClick="toggleAllBoxes();">Show all outputs</a>
<div class='log' id="Output-1840161862">
Finding element with logic: xpath://span[text()='This is not your primary email address.']<br/>
</div>
</td>
<td></td>
<td>20</td>
<td>regression.ForgotPasswordEmailValidationTest@cb5822</td></tr>
</table><p>
</body>
</html>