<?xml version="1.0" encoding="UTF-8"?>
<!-- Generated by org.testng.reporters.JUnitXMLReporter -->
<testsuite hostname="DESKTOP-V5L8S5D" name="forgot password email validation Test" tests="14" failures="1" timestamp="19 Dec 2018 17:43:26 GMT" time="459.098" errors="0">
  <testcase name="testpasswordvalidation" time="64.857" classname="regression.ForgotPasswordEmailValidationTest"/>
  <testcase name="testpasswordvalidation" time="5.933" classname="regression.ForgotPasswordEmailValidationTest"/>
  <testcase name="testpasswordvalidation" time="8.354" classname="regression.ForgotPasswordEmailValidationTest"/>
  <testcase name="testpasswordvalidation" time="14.703" classname="regression.ForgotPasswordEmailValidationTest"/>
  <testcase name="testpasswordvalidation" time="69.073" classname="regression.ForgotPasswordEmailValidationTest">
    <failure type="org.openqa.selenium.NoSuchElementException" message="no such element: Unable to locate element: {&amp;quot;method&amp;quot;:&amp;quot;xpath&amp;quot;,&amp;quot;selector&amp;quot;:&amp;quot;//span[text()=&amp;apos;Please enter valid Email.&amp;apos;]&amp;quot;}
  (Session info: chrome=71.0.3578.98)
  (Driver info: chromedriver=2.41.578737 (49da6702b16031c40d63e5618de03a32ff6c197e),platform=Windows NT 10.0.17134 x86_64) (WARNING: The server did not provide any stacktrace information)
Command duration or timeout: 30.07 seconds
For documentation on this error, please visit: http://seleniumhq.org/exceptions/no_such_element.html
Build info: version: &amp;apos;2.53.1&amp;apos;, revision: &amp;apos;a36b8b1cd5757287168e54b817830adce9b0158d&amp;apos;, time: &amp;apos;2016-06-30 19:26:09&amp;apos;
System info: host: &amp;apos;DESKTOP-V5L8S5D&amp;apos;, ip: &amp;apos;192.168.1.104&amp;apos;, os.name: &amp;apos;Windows 10&amp;apos;, os.arch: &amp;apos;amd64&amp;apos;, os.version: &amp;apos;10.0&amp;apos;, java.version: &amp;apos;1.8.0_191&amp;apos;
Driver info: org.openqa.selenium.chrome.ChromeDriver
Capabilities [{mobileEmulationEnabled=false, hasTouchScreen=false, platform=XP, acceptSslCerts=false, goog:chromeOptions={debuggerAddress=localhost:50862}, acceptInsecureCerts=false, webStorageEnabled=true, browserName=chrome, takesScreenshot=true, javascriptEnabled=true, setWindowRect=true, unexpectedAlertBehaviour=, applicationCacheEnabled=false, rotatable=false, networkConnectionEnabled=false, chrome={chromedriverVersion=2.41.578737 (49da6702b16031c40d63e5618de03a32ff6c197e), userDataDir=C:\Users\admin-pc\AppData\Local\Temp\scoped_dir3820_12441}, takesHeapSnapshot=true, pageLoadStrategy=normal, databaseEnabled=false, handlesAlerts=true, version=71.0.3578.98, browserConnectionEnabled=false, nativeEvents=true, locationContextEnabled=true, cssSelectorsEnabled=true}]
Session ID: 34755d5848ce38a58dfa92087c90d548
*** Element info: {Using=xpath, value=//span[text()=&amp;apos;Please enter valid Email.&amp;apos;]}">
      <![CDATA[org.openqa.selenium.NoSuchElementException: no such element: Unable to locate element: {"method":"xpath","selector":"//span[text()='Please enter valid Email.']"}
  (Session info: chrome=71.0.3578.98)
  (Driver info: chromedriver=2.41.578737 (49da6702b16031c40d63e5618de03a32ff6c197e),platform=Windows NT 10.0.17134 x86_64) (WARNING: The server did not provide any stacktrace information)
Command duration or timeout: 30.07 seconds
For documentation on this error, please visit: http://seleniumhq.org/exceptions/no_such_element.html
Build info: version: '2.53.1', revision: 'a36b8b1cd5757287168e54b817830adce9b0158d', time: '2016-06-30 19:26:09'
System info: host: 'DESKTOP-V5L8S5D', ip: '192.168.1.104', os.name: 'Windows 10', os.arch: 'amd64', os.version: '10.0', java.version: '1.8.0_191'
Driver info: org.openqa.selenium.chrome.ChromeDriver
Capabilities [{mobileEmulationEnabled=false, hasTouchScreen=false, platform=XP, acceptSslCerts=false, goog:chromeOptions={debuggerAddress=localhost:50862}, acceptInsecureCerts=false, webStorageEnabled=true, browserName=chrome, takesScreenshot=true, javascriptEnabled=true, setWindowRect=true, unexpectedAlertBehaviour=, applicationCacheEnabled=false, rotatable=false, networkConnectionEnabled=false, chrome={chromedriverVersion=2.41.578737 (49da6702b16031c40d63e5618de03a32ff6c197e), userDataDir=C:\Users\admin-pc\AppData\Local\Temp\scoped_dir3820_12441}, takesHeapSnapshot=true, pageLoadStrategy=normal, databaseEnabled=false, handlesAlerts=true, version=71.0.3578.98, browserConnectionEnabled=false, nativeEvents=true, locationContextEnabled=true, cssSelectorsEnabled=true}]
Session ID: 34755d5848ce38a58dfa92087c90d548
*** Element info: {Using=xpath, value=//span[text()='Please enter valid Email.']}
	at org.openqa.selenium.remote.ErrorHandler.createThrowable(ErrorHandler.java:206)
	at org.openqa.selenium.remote.ErrorHandler.throwIfResponseFailed(ErrorHandler.java:158)
	at org.openqa.selenium.remote.RemoteWebDriver.execute(RemoteWebDriver.java:678)
	at org.openqa.selenium.remote.RemoteWebDriver.findElement(RemoteWebDriver.java:363)
	at org.openqa.selenium.remote.RemoteWebDriver.findElementByXPath(RemoteWebDriver.java:500)
	at org.openqa.selenium.By$ByXPath.findElement(By.java:361)
	at org.openqa.selenium.remote.RemoteWebDriver.findElement(RemoteWebDriver.java:355)
	at com.beanlogin.lib.AppLibrary.findElement(AppLibrary.java:889)
	at regression.ForgotPasswordEmailValidationTest.testpasswordvalidation(ForgotPasswordEmailValidationTest.java:58)
	at java.util.concurrent.FutureTask.run(Unknown Source)
	at java.util.concurrent.ThreadPoolExecutor.runWorker(Unknown Source)
	at java.util.concurrent.ThreadPoolExecutor$Worker.run(Unknown Source)
	at java.lang.Thread.run(Unknown Source)
... Removed 20 stack frames]]>
    </failure>
  </testcase> <!-- testpasswordvalidation -->
  <testcase name="testpasswordvalidation" time="8.479" classname="regression.ForgotPasswordEmailValidationTest"/>
  <testcase name="testpasswordvalidation" time="33.536" classname="regression.ForgotPasswordEmailValidationTest"/>
  <testcase name="testpasswordvalidation" time="18.844" classname="regression.ForgotPasswordEmailValidationTest"/>
  <testcase name="testpasswordvalidation" time="18.719" classname="regression.ForgotPasswordEmailValidationTest"/>
  <testcase name="testpasswordvalidation" time="115.344" classname="regression.ForgotPasswordEmailValidationTest"/>
  <testcase name="testpasswordvalidation" time="17.985" classname="regression.ForgotPasswordEmailValidationTest"/>
  <testcase name="testpasswordvalidation" time="20.426" classname="regression.ForgotPasswordEmailValidationTest"/>
  <testcase name="testpasswordvalidation" time="34.483" classname="regression.ForgotPasswordEmailValidationTest"/>
  <testcase name="testpasswordvalidation" time="18.106" classname="regression.ForgotPasswordEmailValidationTest"/>
</testsuite> <!-- forgot password email validation Test -->
