<?xml version="1.0" encoding="UTF-8"?>
<!-- Generated by org.testng.reporters.JUnitXMLReporter -->
<testsuite hostname="DESKTOP-V5L8S5D" name="Forgot password Functionality Test" tests="1" failures="1" timestamp="19 Dec 2018 17:42:34 GMT" time="406.93" errors="0">
  <testcase name="testForgotPassFunctinality" time="403.688" classname="regression.ForgotPasswordFunctinalityTest">
    <failure type="com.gargoylesoftware.htmlunit.ElementNotFoundException" message="elementName=[xpath://span[text()=&amp;apos;Logout&amp;apos;]] attributeName=[ElementVal] attributeValue=[Not Found]">
      <![CDATA[com.gargoylesoftware.htmlunit.ElementNotFoundException: elementName=[xpath://span[text()='Logout']] attributeName=[ElementVal] attributeValue=[Not Found]
	at com.beanlogin.lib.AppLibrary.clickElement(AppLibrary.java:1269)
	at com.beanlogin.pages.PortalPage.logout(PortalPage.java:110)
	at regression.ForgotPasswordFunctinalityTest.testForgotPassFunctinality(ForgotPasswordFunctinalityTest.java:75)
	at java.util.concurrent.FutureTask.run(Unknown Source)
	at java.util.concurrent.ThreadPoolExecutor.runWorker(Unknown Source)
	at java.util.concurrent.ThreadPoolExecutor$Worker.run(Unknown Source)
	at java.lang.Thread.run(Unknown Source)
... Removed 16 stack frames]]>
    </failure>
  </testcase> <!-- testForgotPassFunctinality -->
</testsuite> <!-- Forgot password Functionality Test -->
