<?xml version="1.0" encoding="UTF-8"?>
<!-- Generated by org.testng.reporters.JUnitXMLReporter -->
<testsuite hostname="DESKTOP-V5L8S5D" name="Registraton Email Validation For Existing User Test" tests="1" failures="1" timestamp="19 Dec 2018 17:51:02 GMT" time="132.062" errors="0">
  <testcase name="testRegistrationValidationForExistingUser" time="130.734" classname="regression.RegistratonEmailValidationForExistingUserTest">
    <failure type="com.gargoylesoftware.htmlunit.ElementNotFoundException" message="elementName=[xpath://div[@id=&amp;apos;dropdownUserMenu&amp;apos;]] attributeName=[ElementVal] attributeValue=[Not Found]">
      <![CDATA[com.gargoylesoftware.htmlunit.ElementNotFoundException: elementName=[xpath://div[@id='dropdownUserMenu']] attributeName=[ElementVal] attributeValue=[Not Found]
	at com.beanlogin.lib.AppLibrary.clickElement(AppLibrary.java:1269)
	at com.beanlogin.pages.PortalPage.logout(PortalPage.java:109)
	at regression.RegistratonEmailValidationForExistingUserTest.testRegistrationValidationForExistingUser(RegistratonEmailValidationForExistingUserTest.java:59)
	at java.util.concurrent.FutureTask.run(Unknown Source)
	at java.util.concurrent.ThreadPoolExecutor.runWorker(Unknown Source)
	at java.util.concurrent.ThreadPoolExecutor$Worker.run(Unknown Source)
	at java.lang.Thread.run(Unknown Source)
... Removed 16 stack frames]]>
    </failure>
  </testcase> <!-- testRegistrationValidationForExistingUser -->
</testsuite> <!-- Registraton Email Validation For Existing User Test -->
