<?xml version="1.0" encoding="UTF-8"?>
<!-- Generated by org.testng.reporters.JUnitXMLReporter -->
<testsuite hostname="DESKTOP-V5L8S5D" name="Registration Functionality Active User Test" tests="1" failures="1" timestamp="19 Dec 2018 17:46:59 GMT" time="106.294" errors="0">
  <testcase name="testRegistrationFunctinality" time="98.63" classname="regression.RegistrationFuctionalityActiveUserTest">
    <failure type="com.gargoylesoftware.htmlunit.ElementNotFoundException" message="elementName=[xpath://span[text()=&amp;apos;My Profile&amp;apos;]] attributeName=[ElementVal] attributeValue=[Not Found]">
      <![CDATA[com.gargoylesoftware.htmlunit.ElementNotFoundException: elementName=[xpath://span[text()='My Profile']] attributeName=[ElementVal] attributeValue=[Not Found]
	at com.beanlogin.lib.AppLibrary.clickElement(AppLibrary.java:1269)
	at com.beanlogin.pages.MyProfilePage.verifyPortalEmail(MyProfilePage.java:178)
	at regression.RegistrationFuctionalityActiveUserTest.testRegistrationFunctinality(RegistrationFuctionalityActiveUserTest.java:61)
	at java.util.concurrent.FutureTask.run(Unknown Source)
	at java.util.concurrent.ThreadPoolExecutor.runWorker(Unknown Source)
	at java.util.concurrent.ThreadPoolExecutor$Worker.run(Unknown Source)
	at java.lang.Thread.run(Unknown Source)
... Removed 16 stack frames]]>
    </failure>
  </testcase> <!-- testRegistrationFunctinality -->
</testsuite> <!-- Registration Functionality Active User Test -->
