<?xml version="1.0" encoding="UTF-8"?>
<!-- Generated by org.testng.reporters.JUnitReportReporter -->
<testsuite hostname="DESKTOP-V5L8S5D" name="regression.SecondaryEmailVerificationTest" tests="1" failures="1" timestamp="18 Dec 2018 17:35:42 GMT" time="632.136" errors="0">
  <testcase name="testSecEmailVerification" time="632.136" classname="regression.SecondaryEmailVerificationTest">
    <failure type="com.gargoylesoftware.htmlunit.ElementNotFoundException" message="elementName=[xpath://button[@id=&#039;signInButton&#039;]] attributeName=[ElementVal] attributeValue=[Not Found]">
      <![CDATA[com.gargoylesoftware.htmlunit.ElementNotFoundException: elementName=[xpath://button[@id='signInButton']] attributeName=[ElementVal] attributeValue=[Not Found]
	at com.beanlogin.lib.AppLibrary.clickElement(AppLibrary.java:1269)
	at com.beanlogin.pages.LoginPage.signIn(LoginPage.java:69)
	at regression.SecondaryEmailVerificationTest.testSecEmailVerification(SecondaryEmailVerificationTest.java:56)
	at sun.reflect.NativeMethodAccessorImpl.invoke0(Native Method)
	at sun.reflect.NativeMethodAccessorImpl.invoke(Unknown Source)
	at sun.reflect.DelegatingMethodAccessorImpl.invoke(Unknown Source)
	at java.lang.reflect.Method.invoke(Unknown Source)
	at org.testng.internal.MethodInvocationHelper.invokeMethod(MethodInvocationHelper.java:80)
	at org.testng.internal.Invoker.invokeMethod(Invoker.java:714)
	at org.testng.internal.Invoker.invokeTestMethod(Invoker.java:901)
	at org.testng.internal.Invoker.invokeTestMethods(Invoker.java:1231)
	at org.testng.internal.TestMethodWorker.invokeTestMethods(TestMethodWorker.java:127)
	at org.testng.internal.TestMethodWorker.run(TestMethodWorker.java:111)
	at org.testng.TestRunner.privateRun(TestRunner.java:767)
	at org.testng.TestRunner.run(TestRunner.java:617)
	at org.testng.SuiteRunner.runTest(SuiteRunner.java:334)
	at org.testng.SuiteRunner.runSequentially(SuiteRunner.java:329)
	at org.testng.SuiteRunner.privateRun(SuiteRunner.java:291)
	at org.testng.SuiteRunner.run(SuiteRunner.java:240)
	at org.testng.SuiteRunnerWorker.runSuite(SuiteRunnerWorker.java:52)
	at org.testng.SuiteRunnerWorker.run(SuiteRunnerWorker.java:86)
	at org.testng.TestNG.runSuitesSequentially(TestNG.java:1198)
	at org.testng.TestNG.runSuitesLocally(TestNG.java:1123)
	at org.testng.TestNG.run(TestNG.java:1031)
	at org.testng.remote.AbstractRemoteTestNG.run(AbstractRemoteTestNG.java:132)
	at org.testng.remote.RemoteTestNG.initAndRun(RemoteTestNG.java:230)
	at org.testng.remote.RemoteTestNG.main(RemoteTestNG.java:76)
]]>
    </failure>
  </testcase> <!-- testSecEmailVerification -->
</testsuite> <!-- regression.SecondaryEmailVerificationTest -->
